TSError: ⨯ Unable to compile TypeScript:
main.ts(13,20): error TS7016: Could not find a declaration file for module 'koa-swig'. 'E:/Project/senmu-bff/node_modules/koa-swig/index.js' implicitly has an 'any' type.
  Try `npm i --save-dev @types/koa-swig` if it exists or add a new declaration (.d.ts) file containing `declare module 'koa-swig';`

    at createTSError (E:\Project\senmu-bff\node_modules\ts-node\src\index.ts:859:12)
    at reportTSError (E:\Project\senmu-bff\node_modules\ts-node\src\index.ts:863:19)
    at getOutput (E:\Project\senmu-bff\node_modules\ts-node\src\index.ts:1077:36)
    at Object.compile (E:\Project\senmu-bff\node_modules\ts-node\src\index.ts:1433:41)
    at Module.m._compile (E:\Project\senmu-bff\node_modules\ts-node\src\index.ts:1617:30)
    at loadTS (node:internal/modules/cjs/loader:1831:10)
    at Object.require.extensions.<computed> [as .ts] (E:\Project\senmu-bff\node_modules\ts-node\src\index.ts:1621:12)
    at Module.load (node:internal/modules/cjs/loader:1473:32)
    at Function._load (node:internal/modules/cjs/loader:1285:12)
    at E:\Project\senmu-bff\node_modules\pm2\lib\ProcessContainer.js:304:25
Channel is already closed can't broadcast error:
TypeError: Converting circular structure to JSON
    --> starting at object with constructor 'SourceFileObject'
    |     property 'statements' -> object with constructor 'Array'
    |     index 0 -> object with constructor 'NodeObject'
    --- property 'parent' closes the circle
    at stringify (<anonymous>)
    at writeChannelMessage (node:internal/child_process/serialization:159:20)
    at process.target._send (node:internal/child_process:851:17)
    at process.target.send (node:internal/child_process:751:19)
    at process.send (E:\Project\senmu-bff\node_modules\pm2\lib\ProcessContainer.js:52:21)
    at process.uncaughtListener (E:\Project\senmu-bff\node_modules\pm2\lib\ProcessContainer.js:276:19)
    at process.emit (node:events:519:35)
    at process.emit (node:domain:489:12)
    at process.emit.sharedData.processEmitHook.installedValue [as emit] (E:\Project\senmu-bff\node_modules\@cspotcode\source-map-support\source-map-support.js:745:40)
    at process._fatalException (node:internal/process/execution:154:25)
TSError: ⨯ Unable to compile TypeScript:
main.ts(13,20): error TS7016: Could not find a declaration file for module 'koa-swig'. 'E:/Project/senmu-bff/node_modules/koa-swig/index.js' implicitly has an 'any' type.
  Try `npm i --save-dev @types/koa-swig` if it exists or add a new declaration (.d.ts) file containing `declare module 'koa-swig';`

    at createTSError (E:\Project\senmu-bff\node_modules\ts-node\src\index.ts:859:12)
    at reportTSError (E:\Project\senmu-bff\node_modules\ts-node\src\index.ts:863:19)
    at getOutput (E:\Project\senmu-bff\node_modules\ts-node\src\index.ts:1077:36)
    at Object.compile (E:\Project\senmu-bff\node_modules\ts-node\src\index.ts:1433:41)
    at Module.m._compile (E:\Project\senmu-bff\node_modules\ts-node\src\index.ts:1617:30)
    at loadTS (node:internal/modules/cjs/loader:1831:10)
    at Object.require.extensions.<computed> [as .ts] (E:\Project\senmu-bff\node_modules\ts-node\src\index.ts:1621:12)
    at Module.load (node:internal/modules/cjs/loader:1473:32)
    at Function._load (node:internal/modules/cjs/loader:1285:12)
    at E:\Project\senmu-bff\node_modules\pm2\lib\ProcessContainer.js:304:25
Channel is already closed can't broadcast error:
TypeError: Converting circular structure to JSON
    --> starting at object with constructor 'SourceFileObject'
    |     property 'statements' -> object with constructor 'Array'
    |     index 0 -> object with constructor 'NodeObject'
    --- property 'parent' closes the circle
    at stringify (<anonymous>)
    at writeChannelMessage (node:internal/child_process/serialization:159:20)
    at process.target._send (node:internal/child_process:851:17)
    at process.target.send (node:internal/child_process:751:19)
    at process.send (E:\Project\senmu-bff\node_modules\pm2\lib\ProcessContainer.js:52:21)
    at process.uncaughtListener (E:\Project\senmu-bff\node_modules\pm2\lib\ProcessContainer.js:276:19)
    at process.emit (node:events:519:35)
    at process.emit (node:domain:489:12)
    at process.emit.sharedData.processEmitHook.installedValue [as emit] (E:\Project\senmu-bff\node_modules\@cspotcode\source-map-support\source-map-support.js:745:40)
    at process._fatalException (node:internal/process/execution:154:25)
TSError: ⨯ Unable to compile TypeScript:
main.ts(13,20): error TS7016: Could not find a declaration file for module 'koa-swig'. 'E:/Project/senmu-bff/node_modules/koa-swig/index.js' implicitly has an 'any' type.
  Try `npm i --save-dev @types/koa-swig` if it exists or add a new declaration (.d.ts) file containing `declare module 'koa-swig';`

    at createTSError (E:\Project\senmu-bff\node_modules\ts-node\src\index.ts:859:12)
    at reportTSError (E:\Project\senmu-bff\node_modules\ts-node\src\index.ts:863:19)
    at getOutput (E:\Project\senmu-bff\node_modules\ts-node\src\index.ts:1077:36)
    at Object.compile (E:\Project\senmu-bff\node_modules\ts-node\src\index.ts:1433:41)
    at Module.m._compile (E:\Project\senmu-bff\node_modules\ts-node\src\index.ts:1617:30)
    at loadTS (node:internal/modules/cjs/loader:1831:10)
    at Object.require.extensions.<computed> [as .ts] (E:\Project\senmu-bff\node_modules\ts-node\src\index.ts:1621:12)
    at Module.load (node:internal/modules/cjs/loader:1473:32)
    at Function._load (node:internal/modules/cjs/loader:1285:12)
    at E:\Project\senmu-bff\node_modules\pm2\lib\ProcessContainer.js:304:25
Channel is already closed can't broadcast error:
TypeError: Converting circular structure to JSON
    --> starting at object with constructor 'SourceFileObject'
    |     property 'statements' -> object with constructor 'Array'
    |     index 0 -> object with constructor 'NodeObject'
    --- property 'parent' closes the circle
    at stringify (<anonymous>)
    at writeChannelMessage (node:internal/child_process/serialization:159:20)
    at process.target._send (node:internal/child_process:851:17)
    at process.target.send (node:internal/child_process:751:19)
    at process.send (E:\Project\senmu-bff\node_modules\pm2\lib\ProcessContainer.js:52:21)
    at process.uncaughtListener (E:\Project\senmu-bff\node_modules\pm2\lib\ProcessContainer.js:276:19)
    at process.emit (node:events:519:35)
    at process.emit (node:domain:489:12)
    at process.emit.sharedData.processEmitHook.installedValue [as emit] (E:\Project\senmu-bff\node_modules\@cspotcode\source-map-support\source-map-support.js:745:40)
    at process._fatalException (node:internal/process/execution:154:25)
TSError: ⨯ Unable to compile TypeScript:
main.ts(13,20): error TS7016: Could not find a declaration file for module 'koa-swig'. 'E:/Project/senmu-bff/node_modules/koa-swig/index.js' implicitly has an 'any' type.
  Try `npm i --save-dev @types/koa-swig` if it exists or add a new declaration (.d.ts) file containing `declare module 'koa-swig';`

    at createTSError (E:\Project\senmu-bff\node_modules\ts-node\src\index.ts:859:12)
    at reportTSError (E:\Project\senmu-bff\node_modules\ts-node\src\index.ts:863:19)
    at getOutput (E:\Project\senmu-bff\node_modules\ts-node\src\index.ts:1077:36)
    at Object.compile (E:\Project\senmu-bff\node_modules\ts-node\src\index.ts:1433:41)
    at Module.m._compile (E:\Project\senmu-bff\node_modules\ts-node\src\index.ts:1617:30)
    at loadTS (node:internal/modules/cjs/loader:1831:10)
    at Object.require.extensions.<computed> [as .ts] (E:\Project\senmu-bff\node_modules\ts-node\src\index.ts:1621:12)
    at Module.load (node:internal/modules/cjs/loader:1473:32)
    at Function._load (node:internal/modules/cjs/loader:1285:12)
    at E:\Project\senmu-bff\node_modules\pm2\lib\ProcessContainer.js:304:25
Channel is already closed can't broadcast error:
TypeError: Converting circular structure to JSON
    --> starting at object with constructor 'SourceFileObject'
    |     property 'statements' -> object with constructor 'Array'
    |     index 0 -> object with constructor 'NodeObject'
    --- property 'parent' closes the circle
    at stringify (<anonymous>)
    at writeChannelMessage (node:internal/child_process/serialization:159:20)
    at process.target._send (node:internal/child_process:851:17)
    at process.target.send (node:internal/child_process:751:19)
    at process.send (E:\Project\senmu-bff\node_modules\pm2\lib\ProcessContainer.js:52:21)
    at process.uncaughtListener (E:\Project\senmu-bff\node_modules\pm2\lib\ProcessContainer.js:276:19)
    at process.emit (node:events:519:35)
    at process.emit (node:domain:489:12)
    at process.emit.sharedData.processEmitHook.installedValue [as emit] (E:\Project\senmu-bff\node_modules\@cspotcode\source-map-support\source-map-support.js:745:40)
    at process._fatalException (node:internal/process/execution:154:25)
2025-02-23 21:35:41: 🌼🌼🌼Server is running on port 8082
2025-02-23 21:35:41: Environment: production
2025-02-23 21:36:26: 🌼🌼🌼Server is running on port 8082
2025-02-23 21:36:26: Environment: production
2025-02-23 21:36:40: 🌼🌼🌼Server is running on port 8082
2025-02-23 21:36:40: Environment: production
2025-02-23 21:36:43: 🍊🍊🍊🍊🍊🍊🍊  <!doctype html><html lang="en"><head><meta charset="UTF-8"/><meta name="viewport" content="width=device-width,initial-scale=1"/><title>Document</title><link rel="icon" href="/favicon.ico"><script defer="defer" src="/scripts/runtime.f8c99.bundle.js"></script><script defer="defer" src="/scripts/main.1a239.bundle.js"></script><link href="/styles/main.ad981.css" rel="stylesheet"></head><body><div id="app">loading....</div></body></html>
TSError: ⨯ Unable to compile TypeScript:
main.ts(13,20): error TS7016: Could not find a declaration file for module 'koa-swig'. 'E:/Project/senmu-bff/node_modules/koa-swig/index.js' implicitly has an 'any' type.
  Try `npm i --save-dev @types/koa-swig` if it exists or add a new declaration (.d.ts) file containing `declare module 'koa-swig';`

    at createTSError (E:\Project\senmu-bff\node_modules\ts-node\src\index.ts:859:12)
    at reportTSError (E:\Project\senmu-bff\node_modules\ts-node\src\index.ts:863:19)
    at getOutput (E:\Project\senmu-bff\node_modules\ts-node\src\index.ts:1077:36)
    at Object.compile (E:\Project\senmu-bff\node_modules\ts-node\src\index.ts:1433:41)
    at Module.m._compile (E:\Project\senmu-bff\node_modules\ts-node\src\index.ts:1617:30)
    at loadTS (node:internal/modules/cjs/loader:1831:10)
    at Object.require.extensions.<computed> [as .ts] (E:\Project\senmu-bff\node_modules\ts-node\src\index.ts:1621:12)
    at Module.load (node:internal/modules/cjs/loader:1473:32)
    at Function._load (node:internal/modules/cjs/loader:1285:12)
    at E:\Project\senmu-bff\node_modules\pm2\lib\ProcessContainer.js:304:25
Channel is already closed can't broadcast error:
TypeError: Converting circular structure to JSON
    --> starting at object with constructor 'SourceFileObject'
    |     property 'statements' -> object with constructor 'Array'
    |     index 0 -> object with constructor 'NodeObject'
    --- property 'parent' closes the circle
    at stringify (<anonymous>)
    at writeChannelMessage (node:internal/child_process/serialization:159:20)
    at process.target._send (node:internal/child_process:851:17)
    at process.target.send (node:internal/child_process:751:19)
    at process.send (E:\Project\senmu-bff\node_modules\pm2\lib\ProcessContainer.js:52:21)
    at process.uncaughtListener (E:\Project\senmu-bff\node_modules\pm2\lib\ProcessContainer.js:276:19)
    at process.emit (node:events:519:35)
    at process.emit (node:domain:489:12)
    at process.emit.sharedData.processEmitHook.installedValue [as emit] (E:\Project\senmu-bff\node_modules\@cspotcode\source-map-support\source-map-support.js:745:40)
    at process._fatalException (node:internal/process/execution:154:25)
2025-02-23 21:37:29: 🌼🌼🌼Server is running on port 8082
2025-02-23 21:37:29: Environment: production
